Searching for 'kichiku eiyuu' ...
Downloading 113 chapter(s) of 'Kichiku Eiyuu' to C:\Users\ediso\Downloads\manga\Kichiku Eiyuu
  > Chapter 0.1
    saved Kichiku Eiyuu - Chapter 0.1.cbz (10 pages)
  > Chapter 1
    saved Kichiku Eiyuu - Chapter 1.cbz (45 pages)
  > Chapter 2
    saved Kichiku Eiyuu - Chapter 2.cbz (20 pages)
  > Chapter 3
    saved Kichiku Eiyuu - Chapter 3.cbz (20 pages)
  > Chapter 4
    saved Kichiku Eiyuu - Chapter 4.cbz (21 pages)
  > Chapter 5
    saved Kichiku Eiyuu - Chapter 5.cbz (22 pages)
  > Chapter 6
    saved Kichiku Eiyuu - Chapter 6.cbz (23 pages)
  > Chapter 7
    saved Kichiku Eiyuu - Chapter 7.cbz (22 pages)
  > Chapter 8
    saved Kichiku Eiyuu - Chapter 8.cbz (23 pages)
  > Chapter 8.5
    saved Kichiku Eiyuu - Chapter 8.5.cbz (8 pages)
  > Chapter 9
  ! skipped image 20 (https://img.komiku.org/uploads2/2630119-20.jpg): ("Connection broken: ConnectionResetError(10054, 'An existing connection was forcibly closed by the remote host', None, 10054, None)", ConnectionResetError(10054, 'An existing connection was forcibly closed by the remote host', None, 10054, None))
    saved Kichiku Eiyuu - Chapter 9.cbz (25 pages)
  > Chapter 10
    saved Kichiku Eiyuu - Chapter 10.cbz (22 pages)
  > Chapter 11
    saved Kichiku Eiyuu - Chapter 11.cbz (24 pages)
  > Chapter 12
    saved Kichiku Eiyuu - Chapter 12.cbz (21 pages)
  > Chapter 13
    saved Kichiku Eiyuu - Chapter 13.cbz (25 pages)
  > Chapter 14
    saved Kichiku Eiyuu - Chapter 14.cbz (21 pages)
  > Chapter 15
  ! skipped image 21 (https://img.komiku.org/uploads2/2805460-21.jpg): HTTPSConnectionPool(host='img.komiku.org', port=443): Read timed out.
    saved Kichiku Eiyuu - Chapter 15.cbz (22 pages)
  > Chapter 15.5
    saved Kichiku Eiyuu - Chapter 15.5.cbz (13 pages)
  > Chapter 16
    saved Kichiku Eiyuu - Chapter 16.cbz (28 pages)
  > Chapter 17
    saved Kichiku Eiyuu - Chapter 17.cbz (20 pages)
  > Chapter 18
    saved Kichiku Eiyuu - Chapter 18.cbz (18 pages)
  > Chapter 19
    saved Kichiku Eiyuu - Chapter 19.cbz (20 pages)
  > Chapter 20
    saved Kichiku Eiyuu - Chapter 20.cbz (24 pages)
  > Chapter 21
    saved Kichiku Eiyuu - Chapter 21.cbz (22 pages)
  > Chapter 22
    saved Kichiku Eiyuu - Chapter 22.cbz (22 pages)
  > Chapter 23
    saved Kichiku Eiyuu - Chapter 23.cbz (24 pages)
  > Chapter 24
    saved Kichiku Eiyuu - Chapter 24.cbz (24 pages)
  > Chapter 25
    saved Kichiku Eiyuu - Chapter 25.cbz (21 pages)
  > Chapter 26
    saved Kichiku Eiyuu - Chapter 26.cbz (18 pages)
  > Chapter 27
    saved Kichiku Eiyuu - Chapter 27.cbz (22 pages)
  > Chapter 28
    saved Kichiku Eiyuu - Chapter 28.cbz (22 pages)
  > Chapter 29
    saved Kichiku Eiyuu - Chapter 29.cbz (21 pages)
  > Chapter 30
    saved Kichiku Eiyuu - Chapter 30.cbz (22 pages)
  > Chapter 31
    saved Kichiku Eiyuu - Chapter 31.cbz (26 pages)
  > Chapter 32
    saved Kichiku Eiyuu - Chapter 32.cbz (24 pages)
  > Chapter 33
    saved Kichiku Eiyuu - Chapter 33.cbz (24 pages)
  > Chapter 34
    saved Kichiku Eiyuu - Chapter 34.cbz (20 pages)
  > Chapter 35
    saved Kichiku Eiyuu - Chapter 35.cbz (21 pages)
  > Chapter 36
    saved Kichiku Eiyuu - Chapter 36.cbz (23 pages)
  > Chapter 37
    saved Kichiku Eiyuu - Chapter 37.cbz (19 pages)
  > Chapter 38
    saved Kichiku Eiyuu - Chapter 38.cbz (22 pages)
  > Chapter 39
    saved Kichiku Eiyuu - Chapter 39.cbz (21 pages)
  > Chapter 40
    saved Kichiku Eiyuu - Chapter 40.cbz (27 pages)
  > Chapter 41
    saved Kichiku Eiyuu - Chapter 41.cbz (20 pages)
  > Chapter 42
    saved Kichiku Eiyuu - Chapter 42.cbz (22 pages)
  > Chapter 43
    saved Kichiku Eiyuu - Chapter 43.cbz (22 pages)
  > Chapter 44
    saved Kichiku Eiyuu - Chapter 44.cbz (24 pages)
  > Chapter 45
    saved Kichiku Eiyuu - Chapter 45.cbz (23 pages)
  > Chapter 46
    saved Kichiku Eiyuu - Chapter 46.cbz (23 pages)
  > Chapter 47
    saved Kichiku Eiyuu - Chapter 47.cbz (23 pages)
  > Chapter 48
    saved Kichiku Eiyuu - Chapter 48.cbz (18 pages)
  > Chapter 49
    saved Kichiku Eiyuu - Chapter 49.cbz (25 pages)
  > Chapter 50
    saved Kichiku Eiyuu - Chapter 50.cbz (23 pages)
  > Chapter 51
    saved Kichiku Eiyuu - Chapter 51.cbz (23 pages)
  > Chapter 52
    saved Kichiku Eiyuu - Chapter 52.cbz (22 pages)
  > Chapter 53
  ! skipped image 17 (https://img.komiku.org/uploads2/2805420-17.jpg): HTTPSConnectionPool(host='img.komiku.org', port=443): Read timed out.
    saved Kichiku Eiyuu - Chapter 53.cbz (22 pages)
  > Chapter 54
    saved Kichiku Eiyuu - Chapter 54.cbz (21 pages)
  > Chapter 55
  ! skipped image 5 (https://img.komiku.org/uploads2/2805418-5.jpg): HTTPSConnectionPool(host='img.komiku.org', port=443): Read timed out.
    saved Kichiku Eiyuu - Chapter 55.cbz (22 pages)
  > Chapter 56
    saved Kichiku Eiyuu - Chapter 56.cbz (22 pages)
  > Chapter 57
    saved Kichiku Eiyuu - Chapter 57.cbz (21 pages)
  > Chapter 58
    saved Kichiku Eiyuu - Chapter 58.cbz (25 pages)
  > Chapter 59
    saved Kichiku Eiyuu - Chapter 59.cbz (21 pages)
  > Chapter 60
    saved Kichiku Eiyuu - Chapter 60.cbz (24 pages)
  > Chapter 61
    saved Kichiku Eiyuu - Chapter 61.cbz (24 pages)
  > Chapter 62
    saved Kichiku Eiyuu - Chapter 62.cbz (21 pages)
  > Chapter 63
  ! skipped image 19 (https://img.komiku.org/upload5/kichiku-eiyuu/63/2025-05-13/19.jpg): HTTPSConnectionPool(host='img.komiku.org', port=443): Read timed out.
    saved Kichiku Eiyuu - Chapter 63.cbz (22 pages)
  > Chapter 64
    saved Kichiku Eiyuu - Chapter 64.cbz (21 pages)
  > Chapter 65
  ! skipped image 10 (https://img.komiku.org/upload5/kichiku-eiyuu/65/2025-05-13/10.jpg): ('Connection broken: IncompleteRead(41811 bytes read, 234208 more expected)', IncompleteRead(41811 bytes read, 234208 more expected))
    saved Kichiku Eiyuu - Chapter 65.cbz (24 pages)
  > Chapter 66
    saved Kichiku Eiyuu - Chapter 66.cbz (25 pages)
  > Chapter 67
    saved Kichiku Eiyuu - Chapter 67.cbz (25 pages)
  > Chapter 68
    saved Kichiku Eiyuu - Chapter 68.cbz (24 pages)
  > Chapter 69
    saved Kichiku Eiyuu - Chapter 69.cbz (29 pages)
  > Chapter 70
    saved Kichiku Eiyuu - Chapter 70.cbz (26 pages)
  > Chapter 71
    saved Kichiku Eiyuu - Chapter 71.cbz (24 pages)
  > Chapter 72
    saved Kichiku Eiyuu - Chapter 72.cbz (23 pages)
  > Chapter 73
    saved Kichiku Eiyuu - Chapter 73.cbz (24 pages)
  > Chapter 74
    saved Kichiku Eiyuu - Chapter 74.cbz (23 pages)
  > Chapter 75
    saved Kichiku Eiyuu - Chapter 75.cbz (26 pages)
  > Chapter 76
    saved Kichiku Eiyuu - Chapter 76.cbz (27 pages)
  > Chapter 77
    saved Kichiku Eiyuu - Chapter 77.cbz (29 pages)
  > Chapter 78
  ! skipped image 11 (https://img.komiku.org/upload5/kichiku-eiyuu/78/2026-04-26/11.webp): HTTPSConnectionPool(host='img.komiku.org', port=443): Read timed out.
    saved Kichiku Eiyuu - Chapter 78.cbz (24 pages)
  > Chapter 79
    saved Kichiku Eiyuu - Chapter 79.cbz (24 pages)
  > Chapter 80
    saved Kichiku Eiyuu - Chapter 80.cbz (26 pages)
  > Chapter 81
    saved Kichiku Eiyuu - Chapter 81.cbz (28 pages)
  > Chapter 82
    saved Kichiku Eiyuu - Chapter 82.cbz (29 pages)
  > Chapter 83
    saved Kichiku Eiyuu - Chapter 83.cbz (27 pages)
  > Chapter 84
    saved Kichiku Eiyuu - Chapter 84.cbz (31 pages)
  > Chapter 85
    saved Kichiku Eiyuu - Chapter 85.cbz (28 pages)
  > Chapter 86
    saved Kichiku Eiyuu - Chapter 86.cbz (26 pages)
  > Chapter 87
    saved Kichiku Eiyuu - Chapter 87.cbz (27 pages)
  > Chapter 88
    saved Kichiku Eiyuu - Chapter 88.cbz (25 pages)
  > Chapter 89
    saved Kichiku Eiyuu - Chapter 89.cbz (28 pages)
  > Chapter 90
    saved Kichiku Eiyuu - Chapter 90.cbz (23 pages)
  > Chapter 91
    saved Kichiku Eiyuu - Chapter 91.cbz (41 pages)
  > Chapter 92
    saved Kichiku Eiyuu - Chapter 92.cbz (27 pages)
  > Chapter 93
    saved Kichiku Eiyuu - Chapter 93.cbz (26 pages)
  > Chapter 94
    saved Kichiku Eiyuu - Chapter 94.cbz (28 pages)
  > Chapter 95
    saved Kichiku Eiyuu - Chapter 95.cbz (29 pages)
  > Chapter 96
    saved Kichiku Eiyuu - Chapter 96.cbz (29 pages)
  > Chapter 97
    saved Kichiku Eiyuu - Chapter 97.cbz (30 pages)
  > Chapter 98
    saved Kichiku Eiyuu - Chapter 98.cbz (31 pages)
  > Chapter 98.5
    saved Kichiku Eiyuu - Chapter 98.5.cbz (10 pages)
  > Chapter 99
    saved Kichiku Eiyuu - Chapter 99.cbz (26 pages)
  > Chapter 100
    saved Kichiku Eiyuu - Chapter 100.cbz (29 pages)
  > Chapter 101
    saved Kichiku Eiyuu - Chapter 101.cbz (27 pages)
  > Chapter 102
    saved Kichiku Eiyuu - Chapter 102.cbz (32 pages)
  > Chapter 103
    saved Kichiku Eiyuu - Chapter 103.cbz (31 pages)
  > Chapter 104
    saved Kichiku Eiyuu - Chapter 104.cbz (30 pages)
  > Chapter 105
    saved Kichiku Eiyuu - Chapter 105.cbz (33 pages)
  > Chapter 106
    saved Kichiku Eiyuu - Chapter 106.cbz (30 pages)
  > Chapter 107
  ! skipped image 7 (https://img.komiku.org/upload5/kichiku-eiyuu/107/2026-06-11/7.jpg): HTTPSConnectionPool(host='img.komiku.org', port=443): Read timed out.
    saved Kichiku Eiyuu - Chapter 107.cbz (27 pages)
  > Chapter 108
    saved Kichiku Eiyuu - Chapter 108.cbz (26 pages)
  > Chapter 109
    saved Kichiku Eiyuu - Chapter 109.cbz (32 pages)
Done.
